This is pdfTeXk, Version 3.141592-1.40.3 (Web2C 7.5.6) (format=latex 2008.11.23)  5 MAY 2009 11:25
entering extended mode
 %&-line parsing enabled.
**dumb
(./dumb.tex
LaTeX2e <2005/12/01>
Babel <v3.8h> and hyphenation patterns for english, usenglishmax, dumylang, noh
yphenation, loaded.
(/usr/share/texmf-texlive/tex/latex/base/article.cls
Document Class: article 2005/09/16 v1.4f Standard LaTeX document class
(/usr/share/texmf-texlive/tex/latex/base/size10.clo
File: size10.clo 2005/09/16 v1.4f Standard LaTeX file (size option)
)
\c@part=\count79
\c@section=\count80
\c@subsection=\count81
\c@subsubsection=\count82
\c@paragraph=\count83
\c@subparagraph=\count84
\c@figure=\count85
\c@table=\count86
\abovecaptionskip=\skip41
\belowcaptionskip=\skip42
\bibindent=\dimen102
)
(/usr/share/texmf-texlive/tex/generic/babel/babel.sty
Package: babel 2005/11/23 v3.8h The Babel package

(/usr/share/texmf-texlive/tex/generic/babel/germanb.ldf
Language: germanb 2004/02/19 v2.6k German support from the babel system

(/usr/share/texmf-texlive/tex/generic/babel/babel.def
File: babel.def 2005/11/23 v3.8h Babel common definitions
\babel@savecnt=\count87
\U@D=\dimen103
)

Package babel Warning: No hyphenation patterns were loaded for
(babel)                the language `German'
(babel)                I will use the patterns loaded for \language=0 instead.

\l@german = a dialect from \language0
\l@austrian = a dialect from \language\l@german 
Package babel Info: Making " an active character on input line 91.
)) (/usr/share/texmf-texlive/tex/latex/ntgclass/a4.sty
Package: a4 2004/04/15 v1.2g A4 based page layout
) (./ulsy.sty)
(./algorithm2e.sty
Package: algorithm2e 2005/10/04 v3.9 algorithms environments
\c@AlgoLine=\count88
 (/usr/share/texmf-texlive/tex/latex/base/ifthen.sty
Package: ifthen 2001/05/26 v1.1c Standard LaTeX ifthen package (DPC)
)
(/usr/share/texmf-texlive/tex/latex/tools/xspace.sty
Package: xspace 2006/05/08 v1.12 Space after command names (DPC,MH)
)
********************************************************
Package `algorithm2e' Release 3.9 -- october 04 2005 --
- algorithm2e-announce@lirmm.fr mailing list for announcement about releases
- algorithm2e-discussion@lirmm.fr mailing list for discussion about package
subscribe by emailing sympa@lirmm.fr with 'subscribe <list> <firstname name>'
- Author: Christophe Fiorio (fiorio@lirmm.fr)
********************************************************
\skiptotal=\skip43
\skiprule=\skip44
\skiphlne=\skip45
\skiptext=\skip46
\skiplength=\skip47
\algomargin=\skip48
\skipalgocfslide=\skip49
\algowidth=\dimen104
\inoutsize=\dimen105
\inoutline=\dimen106
\algocf@inoutbox=\box26
\algocf@inputbox=\box27
\AlCapSkip=\skip50
\AlCapHSkip=\skip51
\algocf@capbox=\box28
\c@algocfline=\count89
\c@algocf=\count90
\algocf@algoframe=\box29
\algocf@algobox=\box30
) (/usr/share/texmf-texlive/tex/latex/base/inputenc.sty
Package: inputenc 2006/05/05 v1.1b Input encoding file
\inpenc@prehook=\toks14
\inpenc@posthook=\toks15

(/usr/share/texmf-texlive/tex/latex/base/utf8.def
File: utf8.def 2006/03/30 v1.1i UTF-8 support for inputenc
Now handling font encoding OML ...
... no UTF-8 mapping file for font encoding OML
Now handling font encoding T1 ...
... processing UTF-8 mapping file for font encodingT1

(/usr/share/texmf-texlive/tex/latex/base/t1enc.dfu
File: t1enc.dfu 2006/03/30 v1.1i UTF-8 support for inputenc
   defining Unicode char U+00A1 (decimal 161)
   defining Unicode char U+00A3 (decimal 163)
   defining Unicode char U+00AB (decimal 171)
   defining Unicode char U+00BB (decimal 187)
   defining Unicode char U+00BF (decimal 191)
   defining Unicode char U+00C0 (decimal 192)
   defining Unicode char U+00C1 (decimal 193)
   defining Unicode char U+00C2 (decimal 194)
   defining Unicode char U+00C3 (decimal 195)
   defining Unicode char U+00C4 (decimal 196)
   defining Unicode char U+00C5 (decimal 197)
   defining Unicode char U+00C6 (decimal 198)
   defining Unicode char U+00C7 (decimal 199)
   defining Unicode char U+00C8 (decimal 200)
   defining Unicode char U+00C9 (decimal 201)
   defining Unicode char U+00CA (decimal 202)
   defining Unicode char U+00CB (decimal 203)
   defining Unicode char U+00CC (decimal 204)
   defining Unicode char U+00CD (decimal 205)
   defining Unicode char U+00CE (decimal 206)
   defining Unicode char U+00CF (decimal 207)
   defining Unicode char U+00D0 (decimal 208)
   defining Unicode char U+00D1 (decimal 209)
   defining Unicode char U+00D2 (decimal 210)
   defining Unicode char U+00D3 (decimal 211)
   defining Unicode char U+00D4 (decimal 212)
   defining Unicode char U+00D5 (decimal 213)
   defining Unicode char U+00D6 (decimal 214)
   defining Unicode char U+00D8 (decimal 216)
   defining Unicode char U+00D9 (decimal 217)
   defining Unicode char U+00DA (decimal 218)
   defining Unicode char U+00DB (decimal 219)
   defining Unicode char U+00DC (decimal 220)
   defining Unicode char U+00DD (decimal 221)
   defining Unicode char U+00DE (decimal 222)
   defining Unicode char U+00DF (decimal 223)
   defining Unicode char U+00E0 (decimal 224)
   defining Unicode char U+00E1 (decimal 225)
   defining Unicode char U+00E2 (decimal 226)
   defining Unicode char U+00E3 (decimal 227)
   defining Unicode char U+00E4 (decimal 228)
   defining Unicode char U+00E5 (decimal 229)
   defining Unicode char U+00E6 (decimal 230)
   defining Unicode char U+00E7 (decimal 231)
   defining Unicode char U+00E8 (decimal 232)
   defining Unicode char U+00E9 (decimal 233)
   defining Unicode char U+00EA (decimal 234)
   defining Unicode char U+00EB (decimal 235)
   defining Unicode char U+00EC (decimal 236)
   defining Unicode char U+00ED (decimal 237)
   defining Unicode char U+00EE (decimal 238)
   defining Unicode char U+00EF (decimal 239)
   defining Unicode char U+00F0 (decimal 240)
   defining Unicode char U+00F1 (decimal 241)
   defining Unicode char U+00F2 (decimal 242)
   defining Unicode char U+00F3 (decimal 243)
   defining Unicode char U+00F4 (decimal 244)
   defining Unicode char U+00F5 (decimal 245)
   defining Unicode char U+00F6 (decimal 246)
   defining Unicode char U+00F8 (decimal 248)
   defining Unicode char U+00F9 (decimal 249)
   defining Unicode char U+00FA (decimal 250)
   defining Unicode char U+00FB (decimal 251)
   defining Unicode char U+00FC (decimal 252)
   defining Unicode char U+00FD (decimal 253)
   defining Unicode char U+00FE (decimal 254)
   defining Unicode char U+00FF (decimal 255)
   defining Unicode char U+0102 (decimal 258)
   defining Unicode char U+0103 (decimal 259)
   defining Unicode char U+0104 (decimal 260)
   defining Unicode char U+0105 (decimal 261)
   defining Unicode char U+0106 (decimal 262)
   defining Unicode char U+0107 (decimal 263)
   defining Unicode char U+010C (decimal 268)
   defining Unicode char U+010D (decimal 269)
   defining Unicode char U+010E (decimal 270)
   defining Unicode char U+010F (decimal 271)
   defining Unicode char U+0110 (decimal 272)
   defining Unicode char U+0111 (decimal 273)
   defining Unicode char U+0118 (decimal 280)
   defining Unicode char U+0119 (decimal 281)
   defining Unicode char U+011A (decimal 282)
   defining Unicode char U+011B (decimal 283)
   defining Unicode char U+011E (decimal 286)
   defining Unicode char U+011F (decimal 287)
   defining Unicode char U+0130 (decimal 304)
   defining Unicode char U+0131 (decimal 305)
   defining Unicode char U+0132 (decimal 306)
   defining Unicode char U+0133 (decimal 307)
   defining Unicode char U+0139 (decimal 313)
   defining Unicode char U+013A (decimal 314)
   defining Unicode char U+013D (decimal 317)
   defining Unicode char U+013E (decimal 318)
   defining Unicode char U+0141 (decimal 321)
   defining Unicode char U+0142 (decimal 322)
   defining Unicode char U+0143 (decimal 323)
   defining Unicode char U+0144 (decimal 324)
   defining Unicode char U+0147 (decimal 327)
   defining Unicode char U+0148 (decimal 328)
   defining Unicode char U+014A (decimal 330)
   defining Unicode char U+014B (decimal 331)
   defining Unicode char U+0150 (decimal 336)
   defining Unicode char U+0151 (decimal 337)
   defining Unicode char U+0152 (decimal 338)
   defining Unicode char U+0153 (decimal 339)
   defining Unicode char U+0154 (decimal 340)
   defining Unicode char U+0155 (decimal 341)
   defining Unicode char U+0158 (decimal 344)
   defining Unicode char U+0159 (decimal 345)
   defining Unicode char U+015A (decimal 346)
   defining Unicode char U+015B (decimal 347)
   defining Unicode char U+015E (decimal 350)
   defining Unicode char U+015F (decimal 351)
   defining Unicode char U+0160 (decimal 352)
   defining Unicode char U+0161 (decimal 353)
   defining Unicode char U+0162 (decimal 354)
   defining Unicode char U+0163 (decimal 355)
   defining Unicode char U+0164 (decimal 356)
   defining Unicode char U+0165 (decimal 357)
   defining Unicode char U+016E (decimal 366)
   defining Unicode char U+016F (decimal 367)
   defining Unicode char U+0170 (decimal 368)
   defining Unicode char U+0171 (decimal 369)
   defining Unicode char U+0178 (decimal 376)
   defining Unicode char U+0179 (decimal 377)
   defining Unicode char U+017A (decimal 378)
   defining Unicode char U+017B (decimal 379)
   defining Unicode char U+017C (decimal 380)
   defining Unicode char U+017D (decimal 381)
   defining Unicode char U+017E (decimal 382)
   defining Unicode char U+200C (decimal 8204)
   defining Unicode char U+2013 (decimal 8211)
   defining Unicode char U+2014 (decimal 8212)
   defining Unicode char U+2018 (decimal 8216)
   defining Unicode char U+2019 (decimal 8217)
   defining Unicode char U+201A (decimal 8218)
   defining Unicode char U+201C (decimal 8220)
   defining Unicode char U+201D (decimal 8221)
   defining Unicode char U+201E (decimal 8222)
   defining Unicode char U+2030 (decimal 8240)
   defining Unicode char U+2031 (decimal 8241)
   defining Unicode char U+2039 (decimal 8249)
   defining Unicode char U+203A (decimal 8250)
   defining Unicode char U+2423 (decimal 9251)
)
Now handling font encoding OT1 ...
... processing UTF-8 mapping file for font encodingOT1

(/usr/share/texmf-texlive/tex/latex/base/ot1enc.dfu
File: ot1enc.dfu 2006/03/30 v1.1i UTF-8 support for inputenc
   defining Unicode char U+00A1 (decimal 161)
   defining Unicode char U+00A3 (decimal 163)
   defining Unicode char U+00B8 (decimal 184)
   defining Unicode char U+00BF (decimal 191)
   defining Unicode char U+00C5 (decimal 197)
   defining Unicode char U+00C6 (decimal 198)
   defining Unicode char U+00D8 (decimal 216)
   defining Unicode char U+00DF (decimal 223)
   defining Unicode char U+00E6 (decimal 230)
   defining Unicode char U+00EC (decimal 236)
   defining Unicode char U+00ED (decimal 237)
   defining Unicode char U+00EE (decimal 238)
   defining Unicode char U+00EF (decimal 239)
   defining Unicode char U+00F8 (decimal 248)
   defining Unicode char U+0131 (decimal 305)
   defining Unicode char U+0141 (decimal 321)
   defining Unicode char U+0142 (decimal 322)
   defining Unicode char U+0152 (decimal 338)
   defining Unicode char U+0153 (decimal 339)
   defining Unicode char U+2013 (decimal 8211)
   defining Unicode char U+2014 (decimal 8212)
   defining Unicode char U+2018 (decimal 8216)
   defining Unicode char U+2019 (decimal 8217)
   defining Unicode char U+201C (decimal 8220)
   defining Unicode char U+201D (decimal 8221)
)
Now handling font encoding OMS ...
... processing UTF-8 mapping file for font encodingOMS

(/usr/share/texmf-texlive/tex/latex/base/omsenc.dfu
File: omsenc.dfu 2006/03/30 v1.1i UTF-8 support for inputenc
   defining Unicode char U+00A7 (decimal 167)
   defining Unicode char U+00B6 (decimal 182)
   defining Unicode char U+00B7 (decimal 183)
   defining Unicode char U+2020 (decimal 8224)
   defining Unicode char U+2021 (decimal 8225)
   defining Unicode char U+2022 (decimal 8226)
)
Now handling font encoding OMX ...
... no UTF-8 mapping file for font encoding OMX
Now handling font encoding U ...
... no UTF-8 mapping file for font encoding U
   defining Unicode char U+00A9 (decimal 169)
   defining Unicode char U+00AA (decimal 170)
   defining Unicode char U+00AE (decimal 174)
   defining Unicode char U+00BA (decimal 186)
   defining Unicode char U+02C6 (decimal 710)
   defining Unicode char U+02DC (decimal 732)
   defining Unicode char U+200C (decimal 8204)
   defining Unicode char U+2026 (decimal 8230)
   defining Unicode char U+2122 (decimal 8482)
   defining Unicode char U+2423 (decimal 9251)
))
(/usr/share/texmf-texlive/tex/latex/amsmath/amsmath.sty
Package: amsmath 2000/07/18 v2.13 AMS math features
\@mathmargin=\skip52

For additional information on amsmath, use the `?' option.
(/usr/share/texmf-texlive/tex/latex/amsmath/amstext.sty
Package: amstext 2000/06/29 v2.01

(/usr/share/texmf-texlive/tex/latex/amsmath/amsgen.sty
File: amsgen.sty 1999/11/30 v2.0
\@emptytoks=\toks16
\ex@=\dimen107
))
(/usr/share/texmf-texlive/tex/latex/amsmath/amsbsy.sty
Package: amsbsy 1999/11/29 v1.2d
\pmbraise@=\dimen108
)
(/usr/share/texmf-texlive/tex/latex/amsmath/amsopn.sty
Package: amsopn 1999/12/14 v2.01 operator names
)
\inf@bad=\count91
LaTeX Info: Redefining \frac on input line 211.
\uproot@=\count92
\leftroot@=\count93
LaTeX Info: Redefining \overline on input line 307.
\classnum@=\count94
\DOTSCASE@=\count95
LaTeX Info: Redefining \ldots on input line 379.
LaTeX Info: Redefining \dots on input line 382.
LaTeX Info: Redefining \cdots on input line 467.
\Mathstrutbox@=\box31
\strutbox@=\box32
\big@size=\dimen109
LaTeX Font Info:    Redeclaring font encoding OML on input line 567.
LaTeX Font Info:    Redeclaring font encoding OMS on input line 568.
\macc@depth=\count96
\c@MaxMatrixCols=\count97
\dotsspace@=\muskip10
\c@parentequation=\count98
\dspbrk@lvl=\count99
\tag@help=\toks17
\row@=\count100
\column@=\count101
\maxfields@=\count102
\andhelp@=\toks18
\eqnshift@=\dimen110
\alignsep@=\dimen111
\tagshift@=\dimen112
\tagwidth@=\dimen113
\totwidth@=\dimen114
\lineht@=\dimen115
\@envbody=\toks19
\multlinegap=\skip53
\multlinetaggap=\skip54
\mathdisplay@stack=\toks20
LaTeX Info: Redefining \[ on input line 2666.
LaTeX Info: Redefining \] on input line 2667.
)
(/usr/share/texmf-texlive/tex/latex/amsfonts/amssymb.sty
Package: amssymb 2002/01/22 v2.2d

(/usr/share/texmf-texlive/tex/latex/amsfonts/amsfonts.sty
Package: amsfonts 2001/10/25 v2.2f
\symAMSa=\mathgroup4
\symAMSb=\mathgroup5
LaTeX Font Info:    Overwriting math alphabet `\mathfrak' in version `bold'
(Font)                  U/euf/m/n --> U/euf/b/n on input line 132.
))
(/usr/share/texmf-texlive/tex/generic/xypic/xy.tex Bootstrap'ing: catcodes,
docmode, (/usr/share/texmf-texlive/tex/generic/xypic/xyrecat.tex)
(/usr/share/texmf-texlive/tex/generic/xypic/xyidioms.tex)

 Xy-pic version 3.7 <1999/02/16>
 Copyright (c) 1991-1998 by Kristoffer H. Rose <krisrose@ens-lyon.fr>
 Xy-pic is free software: see the User's Guide for details.

Loading kernel: messages; fonts; allocations: state,
\X@c=\dimen116
\Y@c=\dimen117
\U@c=\dimen118
\D@c=\dimen119
\L@c=\dimen120
\R@c=\dimen121
\Edge@c=\toks21
\X@p=\dimen122
\Y@p=\dimen123
\U@p=\dimen124
\D@p=\dimen125
\L@p=\dimen126
\R@p=\dimen127
\Edge@p=\toks22
\X@origin=\dimen128
\Y@origin=\dimen129
\X@xbase=\dimen130
\Y@xbase=\dimen131
\X@ybase=\dimen132
\Y@ybase=\dimen133
\X@min=\dimen134
\Y@min=\dimen135
\X@max=\dimen136
\Y@max=\dimen137
\lastobjectbox@=\box33
\zerodotbox@=\box34
\almostz@=\dimen138
 direction,
\d@X=\dimen139
\d@Y=\dimen140
\K@=\count103
\KK@=\count104
\Direction=\count105
\K@dXdY=\dimen141
\K@dYdX=\dimen142
\xyread@=\read1
\xywrite@=\write3
\csp@=\count106
\quotPTK@=\dimen143

utility macros; pictures: \xy, positions,
\swaptoks@@=\toks23
\connectobjectbox@@=\box35
 objects,
\styletoks@=\toks24
 decorations;
kernel objects: directionals, circles, text; options; algorithms: directions,
edges, connections;  Xy-pic loaded)
(/usr/share/texmf-texlive/tex/generic/xypic/xy.sty
(/usr/share/texmf-texlive/tex/generic/xypic/xy.tex not reloaded)
Package: xy 1999/02/16 Xy-pic version 3.7

(/usr/share/texmf-texlive/tex/generic/xypic/xyall.tex
 Xy-pic option: All features v.3.3
(/usr/share/texmf-texlive/tex/generic/xypic/xycurve.tex
 Xy-pic option: Curve and Spline extension v.3.7 curve,
\crv@cnt@=\count107
\crvpts@=\toks25
\splinebox@=\box36
\splineval@=\dimen144
\splinedepth@=\dimen145
\splinetol@=\dimen146
\splinelength@=\dimen147
 circles,
\L@=\dimen148
 loaded)
(/usr/share/texmf-texlive/tex/generic/xypic/xyframe.tex
 Xy-pic option: Frame and Bracket extension v.3.7 loaded)
(/usr/share/texmf-texlive/tex/generic/xypic/xycmtip.tex
 Xy-pic option: Computer Modern tip extension v.3.3
(/usr/share/texmf-texlive/tex/generic/xypic/xytips.tex
 Xy-pic option: More Tips extension v.3.3 loaded) loaded)
(/usr/share/texmf-texlive/tex/generic/xypic/xyline.tex
 Xy-pic option: Line styles extension v.3.6
\xylinethick@=\dimen149
 loaded)
(/usr/share/texmf-texlive/tex/generic/xypic/xyrotate.tex
 Xy-pic option: Rotate and Scale extension v.3.3 loaded)
(/usr/share/texmf-texlive/tex/generic/xypic/xycolor.tex
 Xy-pic option: Colour extension v.3.3 loaded)
(/usr/share/texmf-texlive/tex/generic/xypic/xymatrix.tex
 Xy-pic option: Matrix feature v.3.4
\Row=\count108
\Col=\count109
\queue@=\toks26
\queue@@=\toks27
\qcount@=\count110
\qcount@@=\count111
\matrixsize@=\count112
 loaded)
(/usr/share/texmf-texlive/tex/generic/xypic/xyarrow.tex
 Xy-pic option: Arrow and Path feature v.3.5 path, \ar, loaded)
(/usr/share/texmf-texlive/tex/generic/xypic/xygraph.tex
 Xy-pic option: Graph feature v.3.7 loaded) loaded))
(/usr/share/texmf-texlive/tex/generic/oberdiek/ifpdf.sty
Package: ifpdf 2006/02/20 v1.4 Provides the ifpdf switch (HO)
Package ifpdf Info: pdfTeX in pdf mode not detected.
)
(/usr/share/texmf-texlive/tex/latex/graphics/graphicx.sty
Package: graphicx 1999/02/16 v1.0f Enhanced LaTeX Graphics (DPC,SPQR)

(/usr/share/texmf-texlive/tex/latex/graphics/keyval.sty
Package: keyval 1999/03/16 v1.13 key=value parser (DPC)
\KV@toks@=\toks28
)
(/usr/share/texmf-texlive/tex/latex/graphics/graphics.sty
Package: graphics 2006/02/20 v1.0o Standard LaTeX Graphics (DPC,SPQR)

(/usr/share/texmf-texlive/tex/latex/graphics/trig.sty
Package: trig 1999/03/16 v1.09 sin cos tan (DPC)
)
(/etc/texmf/tex/latex/config/graphics.cfg
File: graphics.cfg 2007/01/18 v1.5 graphics configuration of teTeX/TeXLive
)
Package graphics Info: Driver file: dvips.def on input line 90.

(/usr/share/texmf-texlive/tex/latex/graphics/dvips.def
File: dvips.def 1999/02/16 v3.0i Driver-dependant file (DPC,SPQR)
))
\Gin@req@height=\dimen150
\Gin@req@width=\dimen151
)
(/usr/share/texmf-texlive/tex/latex/wrapfig/wrapfig.sty
\wrapoverhang=\dimen152
\WF@size=\dimen153
\c@WF@wrappedlines=\count113
\WF@box=\box37
\WF@everypar=\toks29
Package: wrapfig 2003/01/31  v 3.6
) (./dumb.aux
(./deckblatt.aux) (./literatur.aux) (./konv_a.aux) (./programm-modell.aux)
(./polyedermodell.aux) (./mathematische_grundlagen.aux)
(./abhaengigkeitsanalyse_im_ueberblick.aux)
(./abhaengigkeitsanalyse_nach_banerjee.aux) (./datenflussanalyse.aux)
(./vereinfachte_abhaengigkeitsanalyse.aux)
(./normalisierung_der_array-indizes.aux) (./eliminieren_von_abhaengigkeiten.aux
) (./ausgewaehlte_parallelisierungstechniken.aux))
\openout1 = `dumb.aux'.

LaTeX Font Info:    Checking defaults for OML/cmm/m/it on input line 32.
LaTeX Font Info:    ... okay on input line 32.
LaTeX Font Info:    Checking defaults for T1/cmr/m/n on input line 32.
LaTeX Font Info:    ... okay on input line 32.
LaTeX Font Info:    Checking defaults for OT1/cmr/m/n on input line 32.
LaTeX Font Info:    ... okay on input line 32.
LaTeX Font Info:    Checking defaults for OMS/cmsy/m/n on input line 32.
LaTeX Font Info:    ... okay on input line 32.
LaTeX Font Info:    Checking defaults for OMX/cmex/m/n on input line 32.
LaTeX Font Info:    ... okay on input line 32.
LaTeX Font Info:    Checking defaults for U/cmr/m/n on input line 32.
LaTeX Font Info:    ... okay on input line 32.
\openout2 = `deckblatt.aux'.

 (./deckblatt.tex
Overfull \hbox (18.79692pt too wide) in paragraph at lines 8--11
\OT1/cmr/m/n/12 Skript gedacht. Sie alleine re-ichen auch nicht f[]ur eine Pr[]
ufungsvorbereitung.
 []

LaTeX Font Info:    Try loading font information for OMS+cmr on input line 12.
(/usr/share/texmf-texlive/tex/latex/base/omscmr.fd
File: omscmr.fd 1999/05/25 v2.5h Standard LaTeX font definitions
)
LaTeX Font Info:    Font shape `OMS/cmr/m/n' in size <12> not available
(Font)              Font shape `OMS/cmsy/m/n' tried instead on input line 12.

Overfull \hbox (0.53923pt too wide) in paragraph at lines 23--30
[]\OT1/cmr/m/n/12 Sie sollen dazu di-enen, den In-halt zu struk-turi-eren und d
as Auf-schreiben
 []


Overfull \hbox (9.80858pt too wide) in paragraph at lines 39--42
[]\OT1/cmr/m/n/12 Wenn die Vor-bere-itungszeit zu knapp wird, dann be-halte ich
 mir nat[]urlich
 []

[1


])
\openout2 = `literatur.aux'.

 (./literatur.tex (./dumb.bbl)
LaTeX Font Info:    Try loading font information for U+msa on input line 16.

(/usr/share/texmf-texlive/tex/latex/amsfonts/umsa.fd
File: umsa.fd 2002/01/19 v2.2g AMS font definitions
)
LaTeX Font Info:    Try loading font information for U+msb on input line 16.

(/usr/share/texmf-texlive/tex/latex/amsfonts/umsb.fd
File: umsb.fd 2002/01/19 v2.2g AMS font definitions
)) [1


]
\openout2 = `konv_a.aux'.

 (./konv_a.tex
LaTeX Font Info:    Font shape `OMS/cmr/m/n' in size <10> not available
(Font)              Font shape `OMS/cmsy/m/n' tried instead on input line 7.


! LaTeX Error: Cannot determine size of graphic in images/b02.epsi (no Bounding
Box).

See the LaTeX manual or LaTeX Companion for explanation.
Type  H <return>  for immediate help.
 ...                                              
                                                  
l.38 ...ncludegraphics[scale=0.2]{images/b02.epsi}
                                                  
? 
File: images/b02.epsi Graphic file (type eps)
<images/b02.epsi>

! LaTeX Error: Cannot determine size of graphic in images/bild1-3.png (no Bound
ingBox).

See the LaTeX manual or LaTeX Companion for explanation.
Type  H <return>  for immediate help.
 ...                                              
                                                  
l.44 ...udegraphics[scale=0.2]{images/bild1-3.png}
                                                  
? 
File: images/bild1-3.png Graphic file (type eps)
<images/bild1-3.png> [2


]

! LaTeX Error: Cannot determine size of graphic in images/bild3-1.png (no Bound
ingBox).

See the LaTeX manual or LaTeX Companion for explanation.
Type  H <return>  for immediate help.
 ...                                              
                                                  
l.55 ...udegraphics[scale=0.2]{images/bild3-1.png}
                                                  
? 
File: images/bild3-1.png Graphic file (type eps)
<images/bild3-1.png> [3]

! LaTeX Error: Cannot determine size of graphic in images/bild2-1.png (no Bound
ingBox).

See the LaTeX manual or LaTeX Companion for explanation.
Type  H <return>  for immediate help.
 ...                                              
                                                  
l.67 ...udegraphics[scale=0.2]{images/bild2-1.png}
                                                  
? 
File: images/bild2-1.png Graphic file (type eps)
<images/bild2-1.png>) [4]
\openout2 = `programm-modell.aux'.

 (./programm-modell.tex
Overfull \hbox (7.18501pt too wide) in paragraph at lines 23--29
[]\OT1/cmr/m/n/10 Als Schleifenunter- bzw. -obergrenzen sind im orig-i-nalen Pr
ogramm-Modell
 []


Overfull \hbox (2.51271pt too wide) in paragraph at lines 34--37
\OT1/cmr/m/n/10 er-a-tionsvek-tors (Vek-tor, der sich aus den Werten der In-diz
es der umgeben-
 []


Overfull \hbox (4.0117pt too wide) in paragraph at lines 37--42
\OT1/cmr/m/n/10 ments auch []ubereinanderlegen und somit nur einen In-dexraum f
[]ur mehrere
 []


Overfull \hbox (1.1839pt too wide) in paragraph at lines 52--55
[]\OT1/cmr/m/n/10 Kette, An-tikette: Menge von nur (un-)vergleichbaren El-e-men
ten, genauer:
 []


Overfull \hbox (11.80632pt too wide) in paragraph at lines 68--74
\OT1/cmr/m/n/10 (al-so vor) Op-er-a-tion $\OML/cmm/m/it/10 b$\OT1/cmr/m/n/10 , 
i.Z. $\OML/cmm/m/it/10 a \OMS/cmsy/m/n/10 ^^^ \OML/cmm/m/it/10 b$ \OT1/cmr/m/n/
10 gdw. ihre It-er-a-tionsvek-toren, eingeschr[]ankt
 []

[5


]
Overfull \hbox (3.48943pt too wide) in paragraph at lines 91--93
[]\OT1/cmr/m/n/10 schwache, starke Zusam-men-hangskom-po-nen-ten: Teil-graphen,
 die schwach,
 []


Overfull \hbox (19.04294pt too wide) in paragraph at lines 93--95
[]\OT1/cmr/m/n/10 azyklische Kon-den-sa-tion: pro starke Zusam-men-hangskom-po-
nente ein Knoten;
 []


Overfull \hbox (31.01517pt too wide) in paragraph at lines 98--101
[]\OT1/cmr/m/n/10 Iterationsabh[]angigkeitsgraph: je Op-er-a-tion (oder f[]ur j
ew-eils []ubereinandergelegte
 []

) [6]
\openout2 = `polyedermodell.aux'.

 (./polyedermodell.tex
Overfull \hbox (28.82184pt too wide) in paragraph at lines 38--41
[]\OT1/cmr/m/n/10 Schedule: Funk-tion, die jed-er Op-er-a-tion einen (lo-gis-ch
en) Ausf[]uhrungszeitpunkt
 []


Overfull \hbox (21.8496pt too wide) in paragraph at lines 52--58
[]\OT1/cmr/m/n/10 Raum-Zeit-Abbildung: die (mehrdi-men-sion-ale) affine Ab-bil-
dung, repr[]asentiert
 []


Overfull \hbox (28.7629pt too wide) in paragraph at lines 52--58
\OT1/cmr/m/n/10 zusam-menset-zt, und so jed-er Op-er-a-tion einen Raum-Zeit-Pun
kt der Ausf[]uhrung
 []


Overfull \hbox (5.01498pt too wide) in paragraph at lines 65--67
[]\OT1/cmr/m/n/10 Weg: Ba-siswech-sel = An-wen-dung der Raum-Zeit-Abbildung auf
 den Quell-
 []

[7


]
Overfull \hbox (22.48729pt too wide) in paragraph at lines 77--79
[]\OT1/cmr/m/n/10 abh[]angig von der gew[]unschten Rei-hen-folge der Zield-imen
-sio-nen: (a)synchrones
 []


Underfull \hbox (badness 10000) in paragraph at lines 88--89

 []


Underfull \hbox (badness 10000) in paragraph at lines 89--90

 []


Underfull \hbox (badness 10000) in paragraph at lines 90--91

 []


Underfull \hbox (badness 10000) in paragraph at lines 91--92

 []


Underfull \hbox (badness 10000) in paragraph at lines 92--93

 []


Underfull \hbox (badness 10000) in paragraph at lines 93--94

 []


Underfull \hbox (badness 10000) in paragraph at lines 94--95

 []


Underfull \hbox (badness 10000) in paragraph at lines 95--96

 []

) [8]
\openout2 = `mathematische_grundlagen.aux'.

 (./mathematische_grundlagen.tex
Overfull \hbox (0.43172pt too wide) in paragraph at lines 20--23
[]\OT1/cmr/m/n/10 M[]oglichkeit: Di-ag-o-nal-isierung durch an-schlie^^Yende el
-e-mentare Spal-tenop-
 []


Overfull \hbox (10.73398pt too wide) in paragraph at lines 29--32
[]\OT1/cmr/m/n/10 Nachbearbeitung der freien Vari-ablen ist m[]oglich (um ganz-
zahlige L[]osungen
 []


Overfull \hbox (1.49303pt too wide) in paragraph at lines 41--45
\OT1/cmr/m/n/10 einzelne Gle-ichung $\OML/cmm/m/it/10 x \OMS/cmsy/m/n/10 ^^C \O
ML/cmm/m/it/10 a \OT1/cmr/m/n/10 = \OML/cmm/m/it/10 c$ \OT1/cmr/m/n/10 nach uni
-mod-u-lar-er Zeilen-Stufen-Transforma-
 []

[9


]
Underfull \hbox (badness 10000) in paragraph at lines 102--116

 []


Overfull \hbox (34.98047pt too wide) in paragraph at lines 140--144
\OT1/cmr/m/n/10 wenn man alle Un-ter-schranken von $\OML/cmm/m/it/10 x[]$ \OT1/
cmr/m/n/10 allen Ober-schranken von $\OML/cmm/m/it/10 x[]$ \OT1/cmr/m/n/10 gege
n[]uberstellt 
 []


Overfull \hbox (1.34834pt too wide) in paragraph at lines 146--148
[]\OT1/cmr/m/n/10 erfolgreiche Ter-mi-na-tion: keine Un-gle-ichung oder keine V
ari-able geblieben
 []

[10]
Underfull \hbox (badness 10000) detected at line 174
[][]
 []


Underfull \hbox (badness 10000) detected at line 185
[][]
 []


Overfull \hbox (17.26286pt too wide) in paragraph at lines 194--196
[]\OT1/cmr/m/n/10 Strukturparameter wer-den wie zus[]atzliche Vari-ablen be-han
-delt, die ``zuf[]allig''
 []


Package amsmath Warning: Foreign command \over;
(amsmath)                \frac or \genfrac should be used instead
(amsmath)                 on input line 205.

) [11]
\openout2 = `abhaengigkeitsanalyse_im_ueberblick.aux'.

 (./abhaengigkeitsanalyse_im_ueberblick.tex
Overfull \hbox (1.87257pt too wide) in paragraph at lines 29--31
[]\OT1/cmr/m/n/10 Mindestens ein-er der in Kon-flikt ste-hen-den Zu-griffe mu^^
Y schreibend sein (\OT1/cmr/m/it/10 Bern-
 []


Overfull \hbox (11.26169pt too wide) in paragraph at lines 54--57
[]\OT1/cmr/m/n/10 Instanzen von An-weisun-gen sind durch die An-weisung selb-st
 und den zugeh[]origen
 []


Overfull \hbox (1.06735pt too wide) in paragraph at lines 59--63
\OT1/cmr/m/n/10 die lexiko-graphis-che Ord-nung auf dem gemein-samen Pr[]afix i
hrer It-er-a-tionsvek-
 []


Overfull \hbox (2.01173pt too wide) in paragraph at lines 63--68
\OT1/cmr/m/n/10 Ein-set-zen der Schleifen-Indizes (=It-er-a-tionsvek-toren) m[]
ussen []ubereinstimmen. 
 []

[12


]
Overfull \hbox (20.36316pt too wide) in paragraph at lines 76--79
\OT1/cmr/m/it/10 Dis-tanzvek-tor\OT1/cmr/m/n/10 ) ist die Dif-ferenz: Ziel-Iter
ationsvektor mi-nus Quell-Iterationsvektor.
 []


Overfull \hbox (1.01764pt too wide) in paragraph at lines 81--85
[]\OT1/cmr/m/n/10 Durch \OT1/cmr/m/it/10 Rich-tungsvek-toren\OT1/cmr/m/n/10 , i
n de-nen die Werte der Abh[]angigkeitsvektoren durch
 []


Overfull \hbox (22.23393pt too wide) in paragraph at lines 113--115
[]\OT1/cmr/m/n/10 I.A. wer-den in-put de-pen-dences we-gen der Bernstein-Zusatz
bedinung ver-nachl[]assigt. 
 []


Overfull \hbox (2.44884pt too wide) in paragraph at lines 115--118
\OT1/cmr/m/n/10 de-pen-dences. (ACHTUNG: Diese Be-griffe wer-den in der Lit-er-
atur un-ein-heitlich
 []

) [13]
\openout2 = `abhaengigkeitsanalyse_nach_banerjee.aux'.

 (./abhaengigkeitsanalyse_nach_banerjee.tex
Underfull \hbox (badness 10000) detected at line 20
[][]
 []


Underfull \hbox (badness 10000) in paragraph at lines 15--21

 []


Underfull \hbox (badness 10000) detected at line 29
[][]
 []


Overfull \hbox (52.22229pt too wide) in paragraph at lines 23--30
[] $\OMS/cmsy/m/n/10 !$  $[]$
 []


Underfull \hbox (badness 10000) in paragraph at lines 23--30

 []


Package amsmath Warning: Foreign command \atop;
(amsmath)                \frac or \genfrac should be used instead
(amsmath)                 on input line 46.


Overfull \hbox (1.0395pt too wide) in paragraph at lines 61--65
\OT1/cmr/m/n/10 in das Un-gle-ichungssys-tem ein-set-zen und so die L[]osbarkei
t in-ner-halb des In-dexraums
 []

[14


]
Underfull \hbox (badness 10000) in paragraph at lines 98--99

 []


Underfull \hbox (badness 10000) detected at line 109
[][]
 []


Underfull \hbox (badness 10000) in paragraph at lines 110--112

 []


Underfull \hbox (badness 10000) in paragraph at lines 119--120

 []


Underfull \hbox (badness 10000) in paragraph at lines 179--188

 []

[15]
Underfull \hbox (badness 10000) in paragraph at lines 189--198

 []


Underfull \hbox (badness 10000) in paragraph at lines 215--218

 []


Underfull \hbox (badness 10000) in paragraph at lines 219--220

 []


Underfull \hbox (badness 10000) in paragraph at lines 226--230

 []


Underfull \hbox (badness 10000) in paragraph at lines 235--239

 []


Underfull \hbox (badness 10000) in paragraph at lines 235--239

 []

<xymatrix 1x2 51>)
Underfull \hbox (badness 10000) in paragraph at lines 245--41

 []

[16]
\openout2 = `datenflussanalyse.aux'.

 (./datenflussanalyse.tex
Overfull \hbox (27.62401pt too wide) in paragraph at lines 3--5
\OT1/cmr/m/n/10 Die Daten-flu^^Y-anal-yse nach Feautri-er [[]] ist aufwendi-ger
 als die von Baner-jee, ber[]ucksichtigt
 []

<xymatrix 1x4 189> [17


]
Underfull \hbox (badness 10000) detected at line 68
[][]
 []


Underfull \hbox (badness 10000) in paragraph at lines 57--69

 []


Underfull \hbox (badness 10000) in paragraph at lines 70--71

 []


Underfull \hbox (badness 10000) in paragraph at lines 72--73

 []


Underfull \hbox (badness 10000) in paragraph at lines 90--91

 []


Underfull \hbox (badness 10000) in paragraph at lines 98--99

 []


Underfull \hbox (badness 10000) in paragraph at lines 103--135

 []

[18]
Underfull \hbox (badness 10000) in paragraph at lines 136--138

 []


Underfull \hbox (badness 10000) in paragraph at lines 148--149

 []


Underfull \hbox (badness 10000) detected at line 162
[][]
 []


Underfull \hbox (badness 10000) in paragraph at lines 170--172

 []

[19]
Overfull \hbox (30.21893pt too wide) in paragraph at lines 187--188
[]\OT1/cmr/m/n/10 Annotiere den CFG mit den f[]ur a rel-e-van-ten Re-la-tio-nen
 - unter Ber[]ucksichtigung
 []


Overfull \hbox (20.51181pt too wide) in paragraph at lines 203--204
[]\OT1/cmr/m/n/10 textuell ge-tra-gene Abh[]angigkeiten entspricht sprach-lich 
den Schleife-nun-abh[]angigen
 []


! LaTeX Error: Cannot determine size of graphic in images/cffada.png (no Boundi
ngBox).

See the LaTeX manual or LaTeX Companion for explanation.
Type  H <return>  for immediate help.
 ...                                              
                                                  
l.214 ...udegraphics[scale=0.5]{images/cffada.png}
                                                  
? 
File: images/cffada.png Graphic file (type eps)
<images/cffada.png> [20]
Underfull \hbox (badness 10000) detected at line 234
[][]
 []


Overfull \hbox (226.8122pt too wide) in paragraph at lines 221--235
[]$
 []


Underfull \hbox (badness 10000) in paragraph at lines 221--235

 []


Underfull \hbox (badness 10000) in paragraph at lines 236--246

 []


Overfull \hbox (130.68805pt too wide) in paragraph at lines 236--246
\OT1/cmr/m/n/10 Operationen: $\OMS/cmsy/m/n/10 h\OT1/cmr/m/n/10 (\OML/cmm/m/it/
10 i[]; j[]\OT1/cmr/m/n/10 )\OML/cmm/m/it/10 ; \OT1/cmr/m/n/10 3\OMS/cmsy/m/n/1
0 i$ \OT1/cmr/m/n/10 f[]ur $[] \OMS/cmsy/m/n/10 ^ []$ 
 []


Underfull \hbox (badness 10000) in paragraph at lines 236--246

 []


Underfull \hbox (badness 10000) in paragraph at lines 247--248

 []


Underfull \hbox (badness 10000) in paragraph at lines 249--251

 []

[21]
LaTeX Font Info:    Try loading font information for U+ulsy on input line 269.
 (./Uulsy.fd)
Overfull \hbox (0.71397pt too wide) in paragraph at lines 268--270
\OT1/cmr/m/n/10 Keine neuen Quellen, da die ak-tuelle Ord-nung \U/ulsy/m/n/10 	
\OT1/cmr/m/n/10 Kon-flik-t-gle-ichung. (W[]are
 []


Underfull \hbox (badness 10000) in paragraph at lines 274--275

 []


Overfull \hbox (28.53058pt too wide) in paragraph at lines 280--294
\OT1/cmr/m/n/10 = []$ 
 []


Underfull \hbox (badness 10000) in paragraph at lines 304--310

 []


Overfull \hbox (7.05878pt too wide) in paragraph at lines 311--318
[]$\OML/cmm/m/it/10 src[] \OT1/cmr/m/n/10 = []$ 
 []

[22]) [23]
\openout2 = `vereinfachte_abhaengigkeitsanalyse.aux'.

 (./vereinfachte_abhaengigkeitsanalyse.tex
Overfull \hbox (2.64008pt too wide) in paragraph at lines 15--19
[]\OT1/cmr/m/n/10 Grund: Die NP-harte ganz-zahlig lin-eare Pro-gram-mierung sol
l aus Rechen-zeit-gr[]unden
 []


Overfull \hbox (8.52173pt too wide) in paragraph at lines 15--19
\OT1/cmr/m/n/10 durch (semi-exakte) Heuris-tiken er-set-zt wer-den. Idee: Al-go
-rith-mus sagt ``un-abh[]angig'',
 []


Overfull \hbox (25.12398pt too wide) in paragraph at lines 15--19
\OT1/cmr/m/n/10 dann ist das garantiert, an-son-sten gehen wir (pes-simistis-ch
er-weise) von ein-er Abh[]angigkeit
 []


Underfull \hbox (badness 10000) in paragraph at lines 44--46

 []


Package amsmath Warning: Cannot use `split' here;
(amsmath)                trying to recover with `aligned' on input line 57.


Underfull \hbox (badness 10000) in paragraph at lines 58--62

 []

[24


]
Underfull \hbox (badness 10000) in paragraph at lines 93--95

 []


Underfull \hbox (badness 10000) in paragraph at lines 101--102

 []


Underfull \hbox (badness 10000) in paragraph at lines 102--103

 []


Underfull \hbox (badness 10000) in paragraph at lines 103--104

 []


Underfull \hbox (badness 10000) in paragraph at lines 105--107

 []


Overfull \hbox (3.43059pt too wide) in paragraph at lines 117--126
\OT1/cmr/m/n/10 akt und stellt im wesentlichen eine op-ti-mierte, d.h., auf die
 Vo-raus-set-zung zugeschnit-
 []

[25]
Underfull \hbox (badness 10000) in paragraph at lines 170--173

 []


Underfull \hbox (badness 10000) in paragraph at lines 186--187

 []


Underfull \hbox (badness 10000) in paragraph at lines 188--189

 []

[26]
Overfull \hbox (3.45624pt too wide) in paragraph at lines 288--291
\OT1/cmr/m/n/10 Der Omega-Test kom-biniert ein eigenst[]andiges Elim-i-na-tions
ver-fahren f[]ur ganz-zahlige
 []

[27]
Overfull \hbox (5.35843pt too wide) in paragraph at lines 326--328
[]\OT1/cmr/m/n/10 Sonst: Di-men-sion-sre-duk-tion durch Fourier-Motzkin. Achtun
g: ganz-zahlige Vari-
 []


Overfull \hbox (2.59624pt too wide) in paragraph at lines 341--343
[]\OT1/cmr/m/n/10 Wenn ganz-zahlige L[]osungen im dun-klen Schat-ten, dann ganz
-zahlig l[]osbar.
 []

[28]
Underfull \hbox (badness 10000) in paragraph at lines 370--371

 []


Underfull \hbox (badness 10000) in paragraph at lines 377--379

 []

[29]
Overfull \hbox (2.37405pt too wide) in paragraph at lines 431--436
\OT1/cmr/m/n/10 Nat[]urlich kann man be-liebige Heuris-tiken miteinan-der kom-b
inieren, um die Pr[]azision
 []


Overfull \hbox (1.84616pt too wide) in paragraph at lines 437--444
[]\OT1/cmr/m/n/10 Die Kom-bi-na-tion von gcd-Test und Extreme-Value-Test, ange-
wandt auf jede einzelne
 []

) [30]
\openout2 = `normalisierung_der_array-indizes.aux'.

 (./normalisierung_der_array-indizes.tex
Underfull \hbox (badness 10000) detected at line 26
[][]
 []


Underfull \hbox (badness 10000) detected at line 41
[][]
 []


Underfull \hbox (badness 10000) in paragraph at lines 36--42

 []


Underfull \hbox (badness 10000) detected at line 48
[][]
 []


Underfull \hbox (badness 10000) in paragraph at lines 44--49

 []


Underfull \hbox (badness 10000) detected at line 59
[][]
 []


Underfull \hbox (badness 10000) detected at line 69
[][]
 []


Underfull \hbox (badness 10000) in paragraph at lines 64--70

 []

[31


]
Overfull \hbox (35.99399pt too wide) in paragraph at lines 79--84
\OT1/cmr/m/n/10 Schleifen-pro-gramm pa^^Yt''; im all-ge-meinen ist aber \OT1/cm
r/m/it/10 loop peel-ing \OT1/cmr/m/n/10 n[]otig, um Un-regelm[]a^^Yigkeiten
 []


Overfull \hbox (3.29608pt too wide) in paragraph at lines 79--84
\OT1/cmr/m/n/10 an den Schleifen-gren-zen zu be-seit-i-gen. Den Haup-tan-wen-du
ngs-bere-ich f[]ur diese Trans-
 []


Underfull \hbox (badness 10000) in paragraph at lines 85--87

 []


Underfull \hbox (badness 10000) detected at line 95
[][]
 []


Underfull \hbox (badness 10000) in paragraph at lines 89--104

 []


Underfull \hbox (badness 10000) detected at line 112
[][]
 []


Underfull \hbox (badness 10000) in paragraph at lines 106--121

 []


Underfull \hbox (badness 10000) detected at line 130
[][]
 []


Underfull \hbox (badness 10000) in paragraph at lines 123--140

 []


Underfull \hbox (badness 10000) in paragraph at lines 146--153

 []


Underfull \hbox (badness 10000) detected at line 161
[][]
 []


Underfull \hbox (badness 10000) in paragraph at lines 155--170

 []


Underfull \hbox (badness 10000) detected at line 182
[][]
 []


Underfull \hbox (badness 10000) in paragraph at lines 177--190

 []

) [32]
\openout2 = `eliminieren_von_abhaengigkeiten.aux'.

 (./eliminieren_von_abhaengigkeiten.tex
Overfull \hbox (0.12291pt too wide) in paragraph at lines 40--43
\OT1/cmr/m/n/10 Schleifengetragene Anti- und Output-Abh[]angigkeiten von nicht 
voll in-dizierten Vari-
 []


Underfull \hbox (badness 10000) detected at line 56
[][]
 []


Underfull \hbox (badness 10000) in paragraph at lines 49--57

 []


Underfull \hbox (badness 10000) detected at line 67
[][]
 []


Overfull \hbox (52.22229pt too wide) in paragraph at lines 59--68
[] $\U/msa/m/n/10  $  $[]$
 []


Underfull \hbox (badness 10000) in paragraph at lines 59--68

 []


Underfull \hbox (badness 10000) detected at line 82
[][]
 []


Underfull \hbox (badness 10000) in paragraph at lines 76--83

 []


Underfull \hbox (badness 10000) detected at line 91
[][]
 []


Underfull \hbox (badness 10000) in paragraph at lines 86--92

 []


Underfull \hbox (badness 10000) detected at line 99
[][]
 []


Underfull \hbox (badness 10000) in paragraph at lines 93--100

 []


Overfull \hbox (18.30728pt too wide) in paragraph at lines 75--101
$[]$  $\U/msa/m/n/10  $  $[]$ 
 []


Overfull \hbox (3.23517pt too wide) in paragraph at lines 104--107
\OT1/cmr/m/n/10 dann kann man u.U. die Schleifen so aufteilen, da^^Y schleifeng
e-tra-gene Abh[]angigkeiten
 []

[33


]
Overfull \hbox (22.20627pt too wide) in paragraph at lines 119--123
\OT1/cmr/m/n/10 (Un-regelm[]a^^Yigkeiten in den Schleifen eli-m-inieren und vor
gegebene Statement-Reihenfolge
 []

) [34]
\openout2 = `ausgewaehlte_parallelisierungstechniken.aux'.

 (./ausgewaehlte_parallelisierungstechniken.tex
Overfull \hbox (35.03558pt too wide) in paragraph at lines 19--25
\OT1/cmr/m/n/10 gr[]o^^Yten gemein-samen Teil-er \OT1/cmr/m/it/10 gcd \OT1/cmr/
m/n/10 der Abh[]angigkeitsvektoren. Grund: der Abh[]angigkeitsgraph
 []


Overfull \hbox (50.4944pt too wide) in paragraph at lines 32--35
[]\OT1/cmss/m/n/10 for $\OML/cmm/m/it/10 i \OT1/cmr/m/n/10 := \OML/cmm/m/it/10 
x$ \OT1/cmss/m/n/10 to $\OML/cmm/m/it/10 y$ \OT1/cmss/m/n/10 do $\OML/cmm/m/it/
10 R\OT1/cmr/m/n/10 (\OML/cmm/m/it/10 i\OT1/cmr/m/n/10 )$ \OT1/cmss/m/n/10 end-
do \OT1/cmr/m/n/10 wird, wenn der gr[]o^^Yte gemein-same Teil-er der Abh[]angig
keitsvektoren
 []


Underfull \hbox (badness 10000) detected at line 51
[][]
 []


Underfull \hbox (badness 10000) in paragraph at lines 45--52

 []


Overfull \hbox (10.09615pt too wide) in paragraph at lines 65--68
[]\OT1/cmr/m/n/10 Damit kann man zwei Schleifen genau dann ver-tauschen, wenn d
urch die entsprechende
 []

[35


]
Overfull \hbox (0.15617pt too wide) in paragraph at lines 98--100
[]\OT1/cmr/m/n/10 Etwas pr[]aziser: es wird ein Vek-tor $\OML/cmm/m/it/10 u$ \O
T1/cmr/m/n/10 (er-ste Zeile der Trans-for-ma-tion-s-ma-trix) gesucht,
 []


Underfull \hbox (badness 10000) in paragraph at lines 101--102

 []


Underfull \hbox (badness 10000) in paragraph at lines 102--104

 []


Overfull \hbox (55.65196pt too wide) in paragraph at lines 126--134
\OT1/cmr/m/n/10 lelschleifen keine Abh[]angigkeit tra-gen k[]onnen, d[]urfen al
le trans-formierten Abh[]angigkeitsvektoren
 []


Overfull \hbox (4.03952pt too wide) in paragraph at lines 141--152
\OT1/cmr/m/n/10 (``DOACROSS''), bei allen an-deren vorgestell-ten Meth-o-d-en a
r-beit-en par-al-lele Prozes-
 []


Underfull \hbox (badness 10000) in paragraph at lines 165--166

 []


Underfull \hbox (badness 10000) in paragraph at lines 167--168

 []


Underfull \hbox (badness 10000) in paragraph at lines 168--170

 []


Underfull \hbox (badness 10000) in paragraph at lines 170--172

 []


Underfull \hbox (badness 10000) in paragraph at lines 172--174

 []

[36])
Overfull \hbox (10.435pt too wide) in paragraph at lines 182--46
\OT1/cmr/m/n/10 Abh[]angigkeiten bei nicht-affinen Array-Indizes (s. Kapi-tel 2
[]). Der wesentliche Nachteil,
 []

[37] (./dumb.aux (./deckblatt.aux) (./literatur.aux) (./konv_a.aux)
(./programm-modell.aux) (./polyedermodell.aux) (./mathematische_grundlagen.aux)
(./abhaengigkeitsanalyse_im_ueberblick.aux)
(./abhaengigkeitsanalyse_nach_banerjee.aux) (./datenflussanalyse.aux)
(./vereinfachte_abhaengigkeitsanalyse.aux)
(./normalisierung_der_array-indizes.aux) (./eliminieren_von_abhaengigkeiten.aux
) (./ausgewaehlte_parallelisierungstechniken.aux))

LaTeX Font Warning: Size substitutions with differences
(Font)              up to 5.0pt have occurred.

 ) 
Here is how much of TeX's memory you used:
 5501 strings out of 95087
 66650 string characters out of 1183277
 209322 words of memory out of 1500000
 8483 multiletter control sequences out of 10000+50000
 9541 words of font info for 40 fonts, out of 1200000 for 2000
 28 hyphenation exceptions out of 8191
 38i,22n,24p,769b,805s stack positions out of 5000i,500n,6000p,200000b,5000s

Output written on dumb.dvi (38 pages, 120072 bytes).
