This is pdfeTeX, Version 3.141592-1.21a-2.2 (Web2C 7.5.4) (format=latex 2007.4.30)  22 JUN 2007 22:32
entering extended mode
**ulsy.dtx
(./ulsy.dtx
LaTeX2e <2003/12/01>
Babel <v3.8d> and hyphenation patterns for american, french, german, ngerman, b
ahasa, basque, bulgarian, catalan, croatian, czech, danish, dutch, esperanto, e
stonian, finnish, greek, icelandic, irish, italian, latin, magyar, norsk, polis
h, portuges, romanian, russian, serbian, slovak, slovene, spanish, swedish, tur
kish, ukrainian, nohyphenation, loaded.
(/usr/share/texmf-tetex/tex/latex/base/ltxdoc.cls
Document Class: ltxdoc 1999/08/08 v2.0u Standard LaTeX documentation class
*************************************
* Local config file ltxdoc.cfg used
*************************************
(/usr/share/texmf-tetex/tex/latex/base/ltxdoc.cfg
File: ltxdoc.cfg 2001/06/05 v1.0 teTeX: LaTeX documentation setup
)
(/usr/share/texmf-tetex/tex/latex/base/article.cls
Document Class: article 2004/02/16 v1.4f Standard LaTeX document class
(/usr/share/texmf-tetex/tex/latex/base/size12.clo
File: size12.clo 2004/02/16 v1.4f Standard LaTeX file (size option)
)
\c@part=\count79
\c@section=\count80
\c@subsection=\count81
\c@subsubsection=\count82
\c@paragraph=\count83
\c@subparagraph=\count84
\c@figure=\count85
\c@table=\count86
\abovecaptionskip=\skip41
\belowcaptionskip=\skip42
\bibindent=\dimen102
)
(/usr/share/texmf-tetex/tex/latex/base/doc.sty
Package: doc 2004/02/09 v2.1b Standard LaTeX documentation package (FMi)
\c@StandardModuleDepth=\count87
\guard@level=\count88
\MacrocodeTopsep=\skip43
\MacroIndent=\dimen103
\macro@cnt=\count89
\MacroTopsep=\skip44
\index@excludelist=\toks14

(/usr/share/texmf-tetex/tex/latex/tools/multicol.sty
Package: multicol 2004/02/14 v1.6e multicolumn formatting (FMi)
\c@tracingmulticols=\count90
\mult@box=\box26
\multicol@leftmargin=\dimen104
\c@unbalance=\count91
\c@collectmore=\count92
\doublecol@number=\count93
\multicoltolerance=\count94
\multicolpretolerance=\count95
\full@width=\dimen105
\page@free=\dimen106
\premulticols=\dimen107
\postmulticols=\dimen108
\multicolsep=\skip45
\multicolbaselineskip=\skip46
\partial@page=\box27
\last@line=\box28
\mult@rightbox=\box29
\mult@grightbox=\box30
\mult@gfirstbox=\box31
\mult@firstbox=\box32
\@tempa=\box33
\@tempa=\box34
\@tempa=\box35
\@tempa=\box36
\@tempa=\box37
\@tempa=\box38
\@tempa=\box39
\@tempa=\box40
\@tempa=\box41
\@tempa=\box42
\@tempa=\box43
\@tempa=\box44
\@tempa=\box45
\@tempa=\box46
\@tempa=\box47
\@tempa=\box48
\@tempa=\box49
\c@columnbadness=\count96
\c@finalcolumnbadness=\count97
\last@try=\dimen109
\multicolovershoot=\dimen110
\multicolundershoot=\dimen111
\mult@nat@firstbox=\box50
\colbreak@box=\box51
)
\IndexMin=\dimen112
\c@IndexColumns=\count98
\GlossaryMin=\dimen113
\c@GlossaryColumns=\count99
\check@sum=\count100
\bslash@cnt=\count101
\wrong@table=\toks15
\c@CodelineNo=\count102
)) (./ulsy.sty)
(./ulsy.aux)
\openout1 = `ulsy.aux'.

LaTeX Font Info:    Checking defaults for OML/cmm/m/it on input line 9.
LaTeX Font Info:    ... okay on input line 9.
LaTeX Font Info:    Checking defaults for T1/cmr/m/n on input line 9.
LaTeX Font Info:    ... okay on input line 9.
LaTeX Font Info:    Checking defaults for OT1/cmr/m/n on input line 9.
LaTeX Font Info:    ... okay on input line 9.
LaTeX Font Info:    Checking defaults for OMS/cmsy/m/n on input line 9.
LaTeX Font Info:    ... okay on input line 9.
LaTeX Font Info:    Checking defaults for OMX/cmex/m/n on input line 9.
LaTeX Font Info:    ... okay on input line 9.
LaTeX Font Info:    Checking defaults for U/cmr/m/n on input line 9.
LaTeX Font Info:    ... okay on input line 9.
Package doc Info: Made | a short reference for \verb on input line 9.
LaTeX Font Info:    External font `cmex10' loaded for size
(Font)              <20.74> on input line 18.
LaTeX Font Info:    External font `cmex10' loaded for size
(Font)              <14.4> on input line 18.
LaTeX Font Info:    External font `cmex10' loaded for size
(Font)              <12> on input line 18.
LaTeX Font Info:    External font `cmex10' loaded for size
(Font)              <7> on input line 18.
LaTeX Font Info:    External font `cmex10' loaded for size
(Font)              <5> on input line 18.
 (./ulsy.dtx
Package doc Info: | already a short reference for \verb(*) on input line 24.
LaTeX Font Info:    External font `cmex10' loaded for size
(Font)              <10.95> on input line 40.
LaTeX Font Info:    External font `cmex10' loaded for size
(Font)              <8> on input line 40.
LaTeX Font Info:    External font `cmex10' loaded for size
(Font)              <6> on input line 40.

Overfull \hbox (1.25476pt too wide) in paragraph at lines 55--55
 [][]\OT1/cmtt/m/n/10.95 \newcommand{\odplus}{{\usefont{U}{ulsy}{m}{n}\symbol{'
010}}} 
 []


Overfull \hbox (1.25476pt too wide) in paragraph at lines 55--55
 [][]\OT1/cmtt/m/n/10.95 \newcommand{\blitza}{{\usefont{U}{ulsy}{m}{n}\symbol{'
011}}} 
 []


Overfull \hbox (1.25476pt too wide) in paragraph at lines 55--55
 [][]\OT1/cmtt/m/n/10.95 \newcommand{\blitzb}{{\usefont{U}{ulsy}{m}{n}\symbol{'
012}}} 
 []


Overfull \hbox (1.25476pt too wide) in paragraph at lines 55--55
 [][]\OT1/cmtt/m/n/10.95 \newcommand{\blitzc}{{\usefont{U}{ulsy}{m}{n}\symbol{'
013}}} 
 []


Overfull \hbox (1.25476pt too wide) in paragraph at lines 55--55
 [][]\OT1/cmtt/m/n/10.95 \newcommand{\blitzd}{{\usefont{U}{ulsy}{m}{n}\symbol{'
014}}} 
 []


Overfull \hbox (1.25476pt too wide) in paragraph at lines 55--55
 [][]\OT1/cmtt/m/n/10.95 \newcommand{\blitze}{{\usefont{U}{ulsy}{m}{n}\symbol{'
015}}} 
 []

LaTeX Font Info:    Try loading font information for U+ulsy on input line 61.
(./Uulsy.fd)
! Font U/ulsy/m/n/12=ulsy10 at 12.0pt not loadable: Metric (TFM) file not found
.
<to be read again> 
                   relax 
l.61 % |\odplus|: \odplus
                         ,\\
? x
 
Here is how much of TeX's memory you used:
 601 strings out of 94501
 7302 string characters out of 1175811
 57352 words of memory out of 1000000
 3819 multiletter control sequences out of 10000+50000
 11874 words of font info for 42 fonts, out of 500000 for 2000
 580 hyphenation exceptions out of 8191
 30i,6n,21p,224b,227s stack positions out of 1500i,500n,5000p,200000b,5000s
No pages of output.
